#
# There is insufficient memory for the Java Runtime Environment to continue.
# Native memory allocation (malloc) failed to allocate 1212736 bytes for Chunk::new
# Possible reasons:
#   The system is out of physical RAM or swap space
#   In 32 bit mode, the process size limit was hit
# Possible solutions:
#   Reduce memory load on the system
#   Increase physical memory or swap space
#   Check if swap backing store is full
#   Use 64 bit Java on a 64 bit OS
#   Decrease Java heap size (-Xmx/-Xms)
#   Decrease number of Java threads
#   Decrease Java thread stack sizes (-Xss)
#   Set larger code cache with -XX:ReservedCodeCacheSize=
# This output file may be truncated or incomplete.
#
#  Out of Memory Error (allocation.cpp:390), pid=7564, tid=0x0000000000003cf8
#
# JRE version: Java(TM) SE Runtime Environment (8.0_162-b12) (build 1.8.0_162-b12)
# Java VM: Java HotSpot(TM) 64-Bit Server VM (25.162-b12 mixed mode windows-amd64 compressed oops)
# Failed to write core dump. Minidumps are not enabled by default on client versions of Windows
#

---------------  T H R E A D  ---------------

Current thread (0x000000001701f000):  JavaThread "C2 CompilerThread0" daemon [_thread_in_native, id=15608, stack(0x0000000018690000,0x0000000018790000)]

Stack: [0x0000000018690000,0x0000000018790000]
[error occurred during error reporting (printing stack bounds), id 0xc0000005]

Native frames: (J=compiled Java code, j=interpreted, Vv=VM code, C=native code)


Current CompileTask:
C2:   5300 2981   !   4       java.net.URLClassLoader$1::run (63 bytes)


---------------  P R O C E S S  ---------------

Java Threads: ( => current thread )
  0x000000001707d800 JavaThread "Service Thread" daemon [_thread_blocked, id=7912, stack(0x0000000018d90000,0x0000000018e90000)]
  0x0000000017035000 JavaThread "C1 CompilerThread2" daemon [_thread_blocked, id=3372, stack(0x0000000018890000,0x0000000018990000)]
  0x0000000017024000 JavaThread "C2 CompilerThread1" daemon [_thread_in_native, id=10516, stack(0x0000000018790000,0x0000000018890000)]
=>0x000000001701f000 JavaThread "C2 CompilerThread0" daemon [_thread_in_native, id=15608, stack(0x0000000018690000,0x0000000018790000)]
  0x000000001701d000 JavaThread "Attach Listener" daemon [_thread_blocked, id=3676, stack(0x0000000018590000,0x0000000018690000)]
  0x000000001701c000 JavaThread "Signal Dispatcher" daemon [_thread_blocked, id=3508, stack(0x0000000018490000,0x0000000018590000)]
  0x000000001700a800 JavaThread "Finalizer" daemon [_thread_blocked, id=15624, stack(0x0000000018270000,0x0000000018370000)]
  0x00000000024a3000 JavaThread "Reference Handler" daemon [_thread_blocked, id=13872, stack(0x0000000018170000,0x0000000018270000)]
  0x00000000023b2800 JavaThread "main" [_thread_in_Java, id=3164, stack(0x00000000021b0000,0x00000000022b0000)]

Other Threads:
  0x0000000016fe8800 VMThread [stack: 0x0000000018070000,0x0000000018170000] [id=6628]
  0x000000001707e800 WatcherThread [stack: 0x0000000018e90000,0x0000000018f90000] [id=3992]

VM state:not at safepoint (normal execution)

VM Mutex/Monitor currently owned by a thread: None

Heap:
 PSYoungGen      total 71680K, used 54899K [0x00000000d5c00000, 0x00000000da700000, 0x0000000100000000)
  eden space 66560K, 74% used [0x00000000d5c00000,0x00000000d8c9cef8,0x00000000d9d00000)
  from space 5120K, 100% used [0x00000000d9d00000,0x00000000da200000,0x00000000da200000)
  to   space 5120K, 0% used [0x00000000da200000,0x00000000da200000,0x00000000da700000)
 ParOldGen       total 87552K, used 9505K [0x0000000081400000, 0x0000000086980000, 0x00000000d5c00000)
  object space 87552K, 10% used [0x0000000081400000,0x0000000081d48580,0x0000000086980000)
 Metaspace       used 18060K, capacity 18440K, committed 18688K, reserved 1064960K
  class space    used 2167K, capacity 2298K, committed 2304K, reserved 1048576K

Card table byte_map: [0x0000000011870000,0x0000000011c70000] byte_map_base: 0x0000000011466000

Marking Bits: (ParMarkBitMap*) 0x0000000070e90860
 Begin Bits: [0x0000000012320000, 0x00000000142d0000)
 End Bits:   [0x00000000142d0000, 0x0000000016280000)

Polling page: 0x00000000008f0000

CodeCache: size=245760Kb used=10753Kb max_used=10753Kb free=235006Kb
 bounds [0x00000000024b0000, 0x0000000002f40000, 0x00000000114b0000]
 total_blobs=3333 nmethods=2979 adapters=266
 compilation: enabled

Compilation events (10 events):
Event: 5.246 Thread 0x0000000017035000 2994       3       java.util.jar.Manifest$FastInputStream::readLine (167 bytes)
Event: 5.247 Thread 0x0000000017035000 nmethod 2994 0x0000000002f35190 code [0x0000000002f35340, 0x0000000002f358f8]
Event: 5.249 Thread 0x0000000017035000 2995       1       java.util.Collections::emptyIterator (4 bytes)
Event: 5.249 Thread 0x0000000017035000 nmethod 2995 0x0000000002f35bd0 code [0x0000000002f35d20, 0x0000000002f35e10]
Event: 5.269 Thread 0x0000000017035000 2996       3       java.util.jar.Manifest$FastInputStream::fill (38 bytes)
Event: 5.270 Thread 0x0000000017035000 nmethod 2996 0x0000000002f35e50 code [0x0000000002f35fc0, 0x0000000002f36248]
Event: 5.277 Thread 0x0000000017035000 2997       3       sun.misc.PerfCounter::increment (6 bytes)
Event: 5.277 Thread 0x0000000017035000 nmethod 2997 0x0000000002f36310 code [0x0000000002f364a0, 0x0000000002f36b98]
Event: 5.284 Thread 0x0000000017035000 2998       3       java.util.jar.Manifest$FastInputStream::peek (38 bytes)
Event: 5.285 Thread 0x0000000017035000 nmethod 2998 0x0000000002f36ed0 code [0x0000000002f37040, 0x0000000002f37288]

GC Heap History (10 events):
Event: 0.829 GC heap before
{Heap before GC invocations=1 (full 0):
 PSYoungGen      total 38400K, used 33280K [0x00000000d5c00000, 0x00000000d8680000, 0x0000000100000000)
  eden space 33280K, 100% used [0x00000000d5c00000,0x00000000d7c80000,0x00000000d7c80000)
  from space 5120K, 0% used [0x00000000d8180000,0x00000000d8180000,0x00000000d8680000)
  to   space 5120K, 0% used [0x00000000d7c80000,0x00000000d7c80000,0x00000000d8180000)
 ParOldGen       total 87552K, used 0K [0x0000000081400000, 0x0000000086980000, 0x00000000d5c00000)
  object space 87552K, 0% used [0x0000000081400000,0x0000000081400000,0x0000000086980000)
 Metaspace       used 7748K, capacity 7950K, committed 8064K, reserved 1056768K
  class space    used 973K, capacity 1053K, committed 1152K, reserved 1048576K
Event: 0.835 GC heap after
Heap after GC invocations=1 (full 0):
 PSYoungGen      total 38400K, used 4603K [0x00000000d5c00000, 0x00000000d8680000, 0x0000000100000000)
  eden space 33280K, 0% used [0x00000000d5c00000,0x00000000d5c00000,0x00000000d7c80000)
  from space 5120K, 89% used [0x00000000d7c80000,0x00000000d80fef98,0x00000000d8180000)
  to   space 5120K, 0% used [0x00000000d8180000,0x00000000d8180000,0x00000000d8680000)
 ParOldGen       total 87552K, used 16K [0x0000000081400000, 0x0000000086980000, 0x00000000d5c00000)
  object space 87552K, 0% used [0x0000000081400000,0x0000000081404000,0x0000000086980000)
 Metaspace       used 7748K, capacity 7950K, committed 8064K, reserved 1056768K
  class space    used 973K, capacity 1053K, committed 1152K, reserved 1048576K
}
Event: 1.640 GC heap before
{Heap before GC invocations=2 (full 0):
 PSYoungGen      total 38400K, used 37883K [0x00000000d5c00000, 0x00000000d8680000, 0x0000000100000000)
  eden space 33280K, 100% used [0x00000000d5c00000,0x00000000d7c80000,0x00000000d7c80000)
  from space 5120K, 89% used [0x00000000d7c80000,0x00000000d80fef98,0x00000000d8180000)
  to   space 5120K, 0% used [0x00000000d8180000,0x00000000d8180000,0x00000000d8680000)
 ParOldGen       total 87552K, used 16K [0x0000000081400000, 0x0000000086980000, 0x00000000d5c00000)
  object space 87552K, 0% used [0x0000000081400000,0x0000000081404000,0x0000000086980000)
 Metaspace       used 12259K, capacity 12538K, committed 12672K, reserved 1060864K
  class space    used 1505K, capacity 1579K, committed 1664K, reserved 1048576K
Event: 1.653 GC heap after
Heap after GC invocations=2 (full 0):
 PSYoungGen      total 38400K, used 5090K [0x00000000d5c00000, 0x00000000da700000, 0x0000000100000000)
  eden space 33280K, 0% used [0x00000000d5c00000,0x00000000d5c00000,0x00000000d7c80000)
  from space 5120K, 99% used [0x00000000d8180000,0x00000000d8678848,0x00000000d8680000)
  to   space 5120K, 0% used [0x00000000d7c80000,0x00000000d7c80000,0x00000000d8180000)
 ParOldGen       total 87552K, used 3016K [0x0000000081400000, 0x0000000086980000, 0x00000000d5c00000)
  object space 87552K, 3% used [0x0000000081400000,0x00000000816f2330,0x0000000086980000)
 Metaspace       used 12259K, capacity 12538K, committed 12672K, reserved 1060864K
  class space    used 1505K, capacity 1579K, committed 1664K, reserved 1048576K
}
Event: 2.306 GC heap before
{Heap before GC invocations=3 (full 0):
 PSYoungGen      total 38400K, used 38370K [0x00000000d5c00000, 0x00000000da700000, 0x0000000100000000)
  eden space 33280K, 100% used [0x00000000d5c00000,0x00000000d7c80000,0x00000000d7c80000)
  from space 5120K, 99% used [0x00000000d8180000,0x00000000d8678848,0x00000000d8680000)
  to   space 5120K, 0% used [0x00000000d7c80000,0x00000000d7c80000,0x00000000d8180000)
 ParOldGen       total 87552K, used 3016K [0x0000000081400000, 0x0000000086980000, 0x00000000d5c00000)
  object space 87552K, 3% used [0x0000000081400000,0x00000000816f2330,0x0000000086980000)
 Metaspace       used 12701K, capacity 13002K, committed 13184K, reserved 1060864K
  class space    used 1534K, capacity 1619K, committed 1664K, reserved 1048576K
Event: 2.316 GC heap after
Heap after GC invocations=3 (full 0):
 PSYoungGen      total 38400K, used 5088K [0x00000000d5c00000, 0x00000000da700000, 0x0000000100000000)
  eden space 33280K, 0% used [0x00000000d5c00000,0x00000000d5c00000,0x00000000d7c80000)
  from space 5120K, 99% used [0x00000000d7c80000,0x00000000d8178040,0x00000000d8180000)
  to   space 5120K, 0% used [0x00000000da200000,0x00000000da200000,0x00000000da700000)
 ParOldGen       total 87552K, used 4483K [0x0000000081400000, 0x0000000086980000, 0x00000000d5c00000)
  object space 87552K, 5% used [0x0000000081400000,0x0000000081860c08,0x0000000086980000)
 Metaspace       used 12701K, capacity 13002K, committed 13184K, reserved 1060864K
  class space    used 1534K, capacity 1619K, committed 1664K, reserved 1048576K
}
Event: 2.781 GC heap before
{Heap before GC invocations=4 (full 0):
 PSYoungGen      total 38400K, used 38368K [0x00000000d5c00000, 0x00000000da700000, 0x0000000100000000)
  eden space 33280K, 100% used [0x00000000d5c00000,0x00000000d7c80000,0x00000000d7c80000)
  from space 5120K, 99% used [0x00000000d7c80000,0x00000000d8178040,0x00000000d8180000)
  to   space 5120K, 0% used [0x00000000da200000,0x00000000da200000,0x00000000da700000)
 ParOldGen       total 87552K, used 4483K [0x0000000081400000, 0x0000000086980000, 0x00000000d5c00000)
  object space 87552K, 5% used [0x0000000081400000,0x0000000081860c08,0x0000000086980000)
 Metaspace       used 13025K, capacity 13300K, committed 13440K, reserved 1060864K
  class space    used 1553K, capacity 1626K, committed 1664K, reserved 1048576K
Event: 2.795 GC heap after
Heap after GC invocations=4 (full 0):
 PSYoungGen      total 71680K, used 5088K [0x00000000d5c00000, 0x00000000da700000, 0x0000000100000000)
  eden space 66560K, 0% used [0x00000000d5c00000,0x00000000d5c00000,0x00000000d9d00000)
  from space 5120K, 99% used [0x00000000da200000,0x00000000da6f8020,0x00000000da700000)
  to   space 5120K, 0% used [0x00000000d9d00000,0x00000000d9d00000,0x00000000da200000)
 ParOldGen       total 87552K, used 6128K [0x0000000081400000, 0x0000000086980000, 0x00000000d5c00000)
  object space 87552K, 7% used [0x0000000081400000,0x00000000819fc390,0x0000000086980000)
 Metaspace       used 13025K, capacity 13300K, committed 13440K, reserved 1060864K
  class space    used 1553K, capacity 1626K, committed 1664K, reserved 1048576K
}
Event: 3.674 GC heap before
{Heap before GC invocations=5 (full 0):
 PSYoungGen      total 71680K, used 71648K [0x00000000d5c00000, 0x00000000da700000, 0x0000000100000000)
  eden space 66560K, 100% used [0x00000000d5c00000,0x00000000d9d00000,0x00000000d9d00000)
  from space 5120K, 99% used [0x00000000da200000,0x00000000da6f8020,0x00000000da700000)
  to   space 5120K, 0% used [0x00000000d9d00000,0x00000000d9d00000,0x00000000da200000)
 ParOldGen       total 87552K, used 6128K [0x0000000081400000, 0x0000000086980000, 0x00000000d5c00000)
  object space 87552K, 7% used [0x0000000081400000,0x00000000819fc390,0x0000000086980000)
 Metaspace       used 13670K, capacity 13996K, committed 14336K, reserved 1062912K
  class space    used 1605K, capacity 1666K, committed 1792K, reserved 1048576K
Event: 3.689 GC heap after
Heap after GC invocations=5 (full 0):
 PSYoungGen      total 71680K, used 5120K [0x00000000d5c00000, 0x00000000da700000, 0x0000000100000000)
  eden space 66560K, 0% used [0x00000000d5c00000,0x00000000d5c00000,0x00000000d9d00000)
  from space 5120K, 100% used [0x00000000d9d00000,0x00000000da200000,0x00000000da200000)
  to   space 5120K, 0% used [0x00000000da200000,0x00000000da200000,0x00000000da700000)
 ParOldGen       total 87552K, used 9505K [0x0000000081400000, 0x0000000086980000, 0x00000000d5c00000)
  object space 87552K, 10% used [0x0000000081400000,0x0000000081d48580,0x0000000086980000)
 Metaspace       used 13670K, capacity 13996K, committed 14336K, reserved 1062912K
  class space    used 1605K, capacity 1666K, committed 1792K, reserved 1048576K
}

Deoptimization events (10 events):
Event: 2.566 Thread 0x00000000023b2800 Uncommon trap: reason=speculate_class_check action=maybe_recompile pc=0x0000000002b4a308 method=java.nio.charset.CharsetDecoder.decode(Ljava/nio/ByteBuffer;Ljava/nio/CharBuffer;Z)Ljava/nio/charset/CoderResult; @ 57
Event: 2.567 Thread 0x00000000023b2800 Uncommon trap: reason=speculate_class_check action=maybe_recompile pc=0x0000000002b4a308 method=java.nio.charset.CharsetDecoder.decode(Ljava/nio/ByteBuffer;Ljava/nio/CharBuffer;Z)Ljava/nio/charset/CoderResult; @ 57
Event: 2.587 Thread 0x00000000023b2800 Uncommon trap: reason=unstable_if action=reinterpret pc=0x000000000283eb58 method=java.util.HashMap.hash(Ljava/lang/Object;)I @ 1
Event: 2.780 Thread 0x00000000023b2800 Uncommon trap: reason=unstable_if action=reinterpret pc=0x0000000002a1101c method=java.util.LinkedHashMap.afterNodeInsertion(Z)V @ 18
Event: 2.859 Thread 0x00000000023b2800 Uncommon trap: reason=bimorphic action=maybe_recompile pc=0x00000000029a63a8 method=java.util.concurrent.ConcurrentHashMap.get(Ljava/lang/Object;)Ljava/lang/Object; @ 149
Event: 2.890 Thread 0x00000000023b2800 Uncommon trap: reason=bimorphic action=maybe_recompile pc=0x00000000029a63a8 method=java.util.concurrent.ConcurrentHashMap.get(Ljava/lang/Object;)Ljava/lang/Object; @ 149
Event: 3.500 Thread 0x00000000023b2800 Uncommon trap: reason=class_check action=maybe_recompile pc=0x0000000002c3ad24 method=org.apache.maven.model.interpolation.StringSearchModelInterpolator$InterpolateObjectAction.interpolateMapField(Ljava/lang/Object;Ljava/lang/reflect/Field;)V @ 126
Event: 3.752 Thread 0x00000000023b2800 Uncommon trap: reason=unstable_if action=reinterpret pc=0x0000000002cde660 method=java.util.ArrayList.remove(Ljava/lang/Object;)Z @ 46
Event: 5.017 Thread 0x00000000023b2800 Uncommon trap: reason=unstable_if action=reinterpret pc=0x0000000002be7738 method=java.util.regex.Pattern.compile()V @ 271
Event: 5.246 Thread 0x00000000023b2800 Uncommon trap: reason=unstable_if action=reinterpret pc=0x0000000002da696c method=java.util.jar.Manifest$FastInputStream.readLine([BII)I @ 87

Classes redefined (0 events):
No events

Internal exceptions (10 events):
Event: 0.843 Thread 0x00000000023b2800 Exception <a 'java/lang/NoClassDefFoundError': org/slf4j/Logger> (0x00000000d5c4feb8) thrown at [C:\re\workspace\8-2-build-windows-amd64-cygwin\jdk8u162\10278\hotspot\src\share\vm\classfile\systemDictionary.cpp, line 199]
Event: 0.950 Thread 0x00000000023b2800 Exception <a 'java/lang/NoClassDefFoundError': org/slf4j/LoggerFactory> (0x00000000d5f4e310) thrown at [C:\re\workspace\8-2-build-windows-amd64-cygwin\jdk8u162\10278\hotspot\src\share\vm\classfile\systemDictionary.cpp, line 199]
Event: 0.950 Thread 0x00000000023b2800 Exception <a 'java/lang/NoClassDefFoundError'> (0x00000000d5f4e310) thrown at [C:\re\workspace\8-2-build-windows-amd64-cygwin\jdk8u162\10278\hotspot\src\share\vm\oops\instanceKlass.cpp, line 959]
Event: 1.670 Thread 0x00000000023b2800 Implicit null exception at 0x000000000285a095 to 0x000000000285a291
Event: 1.792 Thread 0x00000000023b2800 Implicit null exception at 0x00000000029deb2e to 0x00000000029dfdc1
Event: 2.587 Thread 0x00000000023b2800 Implicit null exception at 0x000000000283e57b to 0x000000000283eb3d
Event: 3.707 Thread 0x00000000023b2800 Exception <a 'java/lang/NoClassDefFoundError': org/slf4j/Logger> (0x00000000d5d263b0) thrown at [C:\re\workspace\8-2-build-windows-amd64-cygwin\jdk8u162\10278\hotspot\src\share\vm\oops\constantPool.cpp, line 235]
Event: 4.524 Thread 0x00000000023b2800 Exception <a 'java/lang/NoClassDefFoundError': org/slf4j/Logger> (0x00000000d6793a78) thrown at [C:\re\workspace\8-2-build-windows-amd64-cygwin\jdk8u162\10278\hotspot\src\share\vm\oops\constantPool.cpp, line 235]
Event: 4.832 Thread 0x00000000023b2800 Exception <a 'java/lang/NoClassDefFoundError': org/slf4j/Logger> (0x00000000d7c03d90) thrown at [C:\re\workspace\8-2-build-windows-amd64-cygwin\jdk8u162\10278\hotspot\src\share\vm\oops\constantPool.cpp, line 235]
Event: 4.948 Thread 0x00000000023b2800 Exception <a 'java/lang/ClassNotFoundException': com/sun/tools/javac/api/JavacTool> (0x00000000d7eb2df8) thrown at [C:\re\workspace\8-2-build-windows-amd64-cygwin\jdk8u162\10278\hotspot\src\share\vm\classfile\systemDictionary.cpp, line 210]

Events (10 events):
Event: 5.239 Executing VM operation: Deoptimize done
Event: 5.240 loading class com/sun/tools/javac/util/ListBuffer$1
Event: 5.240 loading class com/sun/tools/javac/util/ListBuffer$1 done
Event: 5.241 loading class com/sun/tools/javac/file/Locations$1
Event: 5.241 loading class com/sun/tools/javac/file/Locations$1 done
Event: 5.244 loading class com/sun/tools/javac/util/StringUtils
Event: 5.244 loading class com/sun/tools/javac/util/StringUtils done
Event: 5.246 Thread 0x00000000023b2800 Uncommon trap: trap_request=0xffffff65 fr.pc=0x0000000002da696c
Event: 5.246 Thread 0x00000000023b2800 DEOPT PACKING pc=0x0000000002da696c sp=0x00000000022ad180
Event: 5.246 Thread 0x00000000023b2800 DEOPT UNPACKING pc=0x00000000024f583b sp=0x00000000022ad110 mode 2


Dynamic libraries:
0x00007ff7eb2f0000 - 0x00007ff7eb327000 	C:\Program Files\Java\jdk1.8.0_162\bin\java.exe
0x00007ffd12840000 - 0x00007ffd12a2d000 	C:\WINDOWS\SYSTEM32\ntdll.dll
0x00007ffd111b0000 - 0x00007ffd11263000 	C:\WINDOWS\System32\KERNEL32.DLL
0x00007ffd0ee60000 - 0x00007ffd0f0f3000 	C:\WINDOWS\System32\KERNELBASE.dll
0x00007ffd0fa70000 - 0x00007ffd0fb13000 	C:\WINDOWS\System32\ADVAPI32.dll
0x00007ffd12770000 - 0x00007ffd1280e000 	C:\WINDOWS\System32\msvcrt.dll
0x00007ffd123d0000 - 0x00007ffd1246e000 	C:\WINDOWS\System32\sechost.dll
0x00007ffd11d90000 - 0x00007ffd11eb2000 	C:\WINDOWS\System32\RPCRT4.dll
0x00007ffd0fb20000 - 0x00007ffd0fcb7000 	C:\WINDOWS\System32\USER32.dll
0x00007ffd0ebb0000 - 0x00007ffd0ebd0000 	C:\WINDOWS\System32\win32u.dll
0x00007ffd126e0000 - 0x00007ffd12709000 	C:\WINDOWS\System32\GDI32.dll
0x00007ffd0e910000 - 0x00007ffd0eaaa000 	C:\WINDOWS\System32\gdi32full.dll
0x00007ffd0f850000 - 0x00007ffd0f8f0000 	C:\WINDOWS\System32\msvcp_win.dll
0x00007ffd0f970000 - 0x00007ffd0fa6a000 	C:\WINDOWS\System32\ucrtbase.dll
0x00007ffcfba40000 - 0x00007ffcfbcb9000 	C:\WINDOWS\WinSxS\amd64_microsoft.windows.common-controls_6595b64144ccf1df_6.0.17763.379_none_05b83be8071c94a1\COMCTL32.dll
0x00007ffd11400000 - 0x00007ffd1172d000 	C:\WINDOWS\System32\combase.dll
0x00007ffd0f8f0000 - 0x00007ffd0f96e000 	C:\WINDOWS\System32\bcryptPrimitives.dll
0x00007ffd12640000 - 0x00007ffd1266e000 	C:\WINDOWS\System32\IMM32.DLL
0x00000000711d0000 - 0x00000000712a1000 	C:\Program Files\Java\jdk1.8.0_162\jre\bin\msvcr100.dll
0x0000000070670000 - 0x0000000070f10000 	C:\Program Files\Java\jdk1.8.0_162\jre\bin\server\jvm.dll
0x00007ffd113f0000 - 0x00007ffd113f8000 	C:\WINDOWS\System32\PSAPI.DLL
0x00007ffd09210000 - 0x00007ffd09234000 	C:\WINDOWS\SYSTEM32\WINMM.dll
0x00007ffd0b5e0000 - 0x00007ffd0b5e9000 	C:\WINDOWS\SYSTEM32\WSOCK32.dll
0x00007ffd093d0000 - 0x00007ffd093da000 	C:\WINDOWS\SYSTEM32\VERSION.dll
0x00007ffd12530000 - 0x00007ffd1259d000 	C:\WINDOWS\System32\WS2_32.dll
0x00007ffd09180000 - 0x00007ffd091ad000 	C:\WINDOWS\SYSTEM32\winmmbase.dll
0x00007ffd0eab0000 - 0x00007ffd0eafa000 	C:\WINDOWS\System32\cfgmgr32.dll
0x0000000071180000 - 0x000000007118f000 	C:\Program Files\Java\jdk1.8.0_162\jre\bin\verify.dll
0x0000000071150000 - 0x0000000071179000 	C:\Program Files\Java\jdk1.8.0_162\jre\bin\java.dll
0x0000000071130000 - 0x0000000071146000 	C:\Program Files\Java\jdk1.8.0_162\jre\bin\zip.dll
0x00007ffd0fcc0000 - 0x00007ffd111b0000 	C:\WINDOWS\System32\SHELL32.dll
0x00007ffd11270000 - 0x00007ffd11318000 	C:\WINDOWS\System32\shcore.dll
0x00007ffd0f100000 - 0x00007ffd0f84a000 	C:\WINDOWS\System32\windows.storage.dll
0x00007ffd0e840000 - 0x00007ffd0e864000 	C:\WINDOWS\System32\profapi.dll
0x00007ffd0e890000 - 0x00007ffd0e8ed000 	C:\WINDOWS\System32\powrprof.dll
0x00007ffd12310000 - 0x00007ffd12362000 	C:\WINDOWS\System32\shlwapi.dll
0x00007ffd0e8f0000 - 0x00007ffd0e901000 	C:\WINDOWS\System32\kernel.appcore.dll
0x00007ffd0ee40000 - 0x00007ffd0ee57000 	C:\WINDOWS\System32\cryptsp.dll
0x0000000071110000 - 0x000000007112a000 	C:\Program Files\Java\jdk1.8.0_162\jre\bin\net.dll
0x00007ffd0e0c0000 - 0x00007ffd0e127000 	C:\WINDOWS\system32\mswsock.dll
0x00000000710f0000 - 0x0000000071101000 	C:\Program Files\Java\jdk1.8.0_162\jre\bin\nio.dll

VM Arguments:
jvm_args: -Dclassworlds.conf=C:\Program Files\NetBeans 8.2\java\maven\bin\m2.conf -Dmaven.home=C:\Program Files\NetBeans 8.2\java\maven 
java_command: org.codehaus.plexus.classworlds.launcher.Launcher -Dnetbeans.deploy=true -Dmaven.ext.class.path=C:\Program Files\NetBeans 8.2\java\maven-nblib\netbeans-eventspy.jar -Dfile.encoding=UTF-8 package
java_class_path (initial): C:\Program Files\NetBeans 8.2\java\maven\boot\plexus-classworlds-2.4.jar
Launcher Type: SUN_STANDARD

Environment Variables:
JAVA_HOME=C:\Program Files\Java\jdk1.8.0_162
PATH=;C:\ProgramData\Oracle\Java\javapath;C:\Windows\system32;C:\Windows;C:\Windows\System32\Wbem;C:\Windows\System32\WindowsPowerShell\v1.0\;C:\Program Files\Crucial\Crucial Storage Executive;C:\Program Files\Git\cmd;C:\Program Files (x86)\CodeBlocks\MinGW\bin;C:\Program Files (x86)\NVIDIA Corporation\PhysX\Common;C:\WINDOWS\system32;C:\WINDOWS;C:\WINDOWS\System32\Wbem;C:\WINDOWS\System32\WindowsPowerShell\v1.0\;C:\WINDOWS\System32\OpenSSH\;C:\Program Files (x86)\Microsoft Visual Studio\2017\Community\VC\Tools\MSVC\14.13.26128\bin\Hostx64\x64;C:\Program Files (x86)\Visual Leak Detector\bin\Win32;C:\Program Files (x86)\Visual Leak Detector\bin\Win64;C:\WINDOWS\system32;C:\WINDOWS;C:\WINDOWS\System32\Wbem;C:\WINDOWS\System32\WindowsPowerShell\v1.0\;C:\WINDOWS\System32\OpenSSH\;C:\Users\gcdu9\AppData\Local\Microsoft\WindowsApps;
USERNAME=gcdu9
OS=Windows_NT
PROCESSOR_IDENTIFIER=Intel64 Family 6 Model 78 Stepping 3, GenuineIntel



---------------  S Y S T E M  ---------------

OS: Windows 10.0 , 64 bit Build 17763 (10.0.17763.379)

CPU:total 4 (initial active 4) (2 cores per cpu, 2 threads per core) family 6 model 78 stepping 3, cmov, cx8, fxsr, mmx, sse, sse2, sse3, ssse3, sse4.1, sse4.2, popcnt, avx, avx2, aes, clmul, erms, 3dnowpref, lzcnt, ht, tsc, tscinvbit, bmi1, bmi2, adx

Memory: 4k page, physical 8300448k(2311748k free), swap 10397600k(5700k free)

vm_info: Java HotSpot(TM) 64-Bit Server VM (25.162-b12) for windows-amd64 JRE (1.8.0_162-b12), built on Dec 19 2017 20:00:03 by "java_re" with MS VC++ 10.0 (VS2010)

time: Thu Mar 28 20:13:57 2019
elapsed time: 5 seconds (0d 0h 0m 5s)

