#
# There is insufficient memory for the Java Runtime Environment to continue.
# Native memory allocation (malloc) failed to allocate 1118256 bytes for Chunk::new
# Possible reasons:
#   The system is out of physical RAM or swap space
#   In 32 bit mode, the process size limit was hit
# Possible solutions:
#   Reduce memory load on the system
#   Increase physical memory or swap space
#   Check if swap backing store is full
#   Use 64 bit Java on a 64 bit OS
#   Decrease Java heap size (-Xmx/-Xms)
#   Decrease number of Java threads
#   Decrease Java thread stack sizes (-Xss)
#   Set larger code cache with -XX:ReservedCodeCacheSize=
# This output file may be truncated or incomplete.
#
#  Out of Memory Error (allocation.cpp:390), pid=16280, tid=0x0000000000000940
#
# JRE version: Java(TM) SE Runtime Environment (8.0_162-b12) (build 1.8.0_162-b12)
# Java VM: Java HotSpot(TM) 64-Bit Server VM (25.162-b12 mixed mode windows-amd64 compressed oops)
# Failed to write core dump. Minidumps are not enabled by default on client versions of Windows
#

---------------  T H R E A D  ---------------

Current thread (0x0000000017590800):  JavaThread "C2 CompilerThread1" daemon [_thread_in_native, id=2368, stack(0x0000000018d00000,0x0000000018e00000)]

Stack: [0x0000000018d00000,0x0000000018e00000]
[error occurred during error reporting (printing stack bounds), id 0xc0000005]

Native frames: (J=compiled Java code, j=interpreted, Vv=VM code, C=native code)


Current CompileTask:
C2:   5280 2942       4       java.net.URLClassLoader$1::run (5 bytes)


---------------  P R O C E S S  ---------------

Java Threads: ( => current thread )
  0x0000000018f2a800 JavaThread "Service Thread" daemon [_thread_blocked, id=15800, stack(0x0000000019300000,0x0000000019400000)]
  0x000000001759e000 JavaThread "C1 CompilerThread2" daemon [_thread_blocked, id=16320, stack(0x0000000018e00000,0x0000000018f00000)]
=>0x0000000017590800 JavaThread "C2 CompilerThread1" daemon [_thread_in_native, id=2368, stack(0x0000000018d00000,0x0000000018e00000)]
  0x000000001759b000 JavaThread "C2 CompilerThread0" daemon [_thread_in_native, id=3564, stack(0x0000000018c00000,0x0000000018d00000)]
  0x0000000017599800 JavaThread "Attach Listener" daemon [_thread_blocked, id=14840, stack(0x0000000018b00000,0x0000000018c00000)]
  0x0000000017598800 JavaThread "Signal Dispatcher" daemon [_thread_blocked, id=12568, stack(0x0000000018a00000,0x0000000018b00000)]
  0x000000001757a800 JavaThread "Finalizer" daemon [_thread_blocked, id=4464, stack(0x00000000187e0000,0x00000000188e0000)]
  0x0000000002a13800 JavaThread "Reference Handler" daemon [_thread_blocked, id=944, stack(0x00000000186e0000,0x00000000187e0000)]
  0x0000000002922800 JavaThread "main" [_thread_in_native, id=9652, stack(0x0000000002750000,0x0000000002850000)]

Other Threads:
  0x0000000017557800 VMThread [stack: 0x00000000185e0000,0x00000000186e0000] [id=4600]
  0x00000000175ed800 WatcherThread [stack: 0x0000000019400000,0x0000000019500000] [id=3220]

VM state:not at safepoint (normal execution)

VM Mutex/Monitor currently owned by a thread: None

Heap:
 PSYoungGen      total 71680K, used 52891K [0x00000000d5c00000, 0x00000000da700000, 0x0000000100000000)
  eden space 66560K, 71% used [0x00000000d5c00000,0x00000000d8aa6cf0,0x00000000d9d00000)
  from space 5120K, 100% used [0x00000000d9d00000,0x00000000da200000,0x00000000da200000)
  to   space 5120K, 0% used [0x00000000da200000,0x00000000da200000,0x00000000da700000)
 ParOldGen       total 87552K, used 9377K [0x0000000081400000, 0x0000000086980000, 0x00000000d5c00000)
  object space 87552K, 10% used [0x0000000081400000,0x0000000081d286b8,0x0000000086980000)
 Metaspace       used 18046K, capacity 18552K, committed 18688K, reserved 1064960K
  class space    used 2169K, capacity 2298K, committed 2304K, reserved 1048576K

Card table byte_map: [0x0000000011de0000,0x00000000121e0000] byte_map_base: 0x00000000119d6000

Marking Bits: (ParMarkBitMap*) 0x0000000070e90860
 Begin Bits: [0x0000000012890000, 0x0000000014840000)
 End Bits:   [0x0000000014840000, 0x00000000167f0000)

Polling page: 0x0000000000a20000

CodeCache: size=245760Kb used=10619Kb max_used=10623Kb free=235140Kb
 bounds [0x0000000002a20000, 0x0000000003490000, 0x0000000011a20000]
 total_blobs=3294 nmethods=2940 adapters=266
 compilation: enabled

Compilation events (10 events):
Event: 5.247 Thread 0x000000001759e000 2956 %     3       java.io.WinNTFileSystem::parentOrNull @ 29 (171 bytes)
Event: 5.249 Thread 0x000000001759e000 nmethod 2956% 0x0000000003477c90 code [0x0000000003477ec0, 0x0000000003478df8]
Event: 5.254 Thread 0x000000001759e000 2957       3       java.util.jar.Manifest$FastInputStream::readLine (167 bytes)
Event: 5.254 Thread 0x000000001759e000 nmethod 2957 0x0000000003477250 code [0x0000000003477400, 0x00000000034779b8]
Event: 5.256 Thread 0x000000001759e000 2958 %     3       java.util.jar.Manifest$FastInputStream::readLine @ 83 (167 bytes)
Event: 5.257 Thread 0x000000001759e000 nmethod 2958% 0x0000000003476690 code [0x0000000003476840, 0x0000000003476f18]
Event: 5.272 Thread 0x000000001759e000 2959       3       java.util.jar.Manifest$FastInputStream::fill (38 bytes)
Event: 5.272 Thread 0x000000001759e000 nmethod 2959 0x00000000034761d0 code [0x0000000003476340, 0x00000000034765c8]
Event: 5.276 Thread 0x000000001759e000 2960       3       sun.misc.PerfCounter::increment (6 bytes)
Event: 5.277 Thread 0x000000001759e000 nmethod 2960 0x0000000003475610 code [0x00000000034757a0, 0x0000000003475e98]

GC Heap History (10 events):
Event: 0.837 GC heap before
{Heap before GC invocations=1 (full 0):
 PSYoungGen      total 38400K, used 33280K [0x00000000d5c00000, 0x00000000d8680000, 0x0000000100000000)
  eden space 33280K, 100% used [0x00000000d5c00000,0x00000000d7c80000,0x00000000d7c80000)
  from space 5120K, 0% used [0x00000000d8180000,0x00000000d8180000,0x00000000d8680000)
  to   space 5120K, 0% used [0x00000000d7c80000,0x00000000d7c80000,0x00000000d8180000)
 ParOldGen       total 87552K, used 0K [0x0000000081400000, 0x0000000086980000, 0x00000000d5c00000)
  object space 87552K, 0% used [0x0000000081400000,0x0000000081400000,0x0000000086980000)
 Metaspace       used 7743K, capacity 7998K, committed 8320K, reserved 1056768K
  class space    used 973K, capacity 1053K, committed 1152K, reserved 1048576K
Event: 0.844 GC heap after
Heap after GC invocations=1 (full 0):
 PSYoungGen      total 38400K, used 4553K [0x00000000d5c00000, 0x00000000d8680000, 0x0000000100000000)
  eden space 33280K, 0% used [0x00000000d5c00000,0x00000000d5c00000,0x00000000d7c80000)
  from space 5120K, 88% used [0x00000000d7c80000,0x00000000d80f2498,0x00000000d8180000)
  to   space 5120K, 0% used [0x00000000d8180000,0x00000000d8180000,0x00000000d8680000)
 ParOldGen       total 87552K, used 16K [0x0000000081400000, 0x0000000086980000, 0x00000000d5c00000)
  object space 87552K, 0% used [0x0000000081400000,0x0000000081404000,0x0000000086980000)
 Metaspace       used 7743K, capacity 7998K, committed 8320K, reserved 1056768K
  class space    used 973K, capacity 1053K, committed 1152K, reserved 1048576K
}
Event: 1.711 GC heap before
{Heap before GC invocations=2 (full 0):
 PSYoungGen      total 38400K, used 37833K [0x00000000d5c00000, 0x00000000d8680000, 0x0000000100000000)
  eden space 33280K, 100% used [0x00000000d5c00000,0x00000000d7c80000,0x00000000d7c80000)
  from space 5120K, 88% used [0x00000000d7c80000,0x00000000d80f2498,0x00000000d8180000)
  to   space 5120K, 0% used [0x00000000d8180000,0x00000000d8180000,0x00000000d8680000)
 ParOldGen       total 87552K, used 16K [0x0000000081400000, 0x0000000086980000, 0x00000000d5c00000)
  object space 87552K, 0% used [0x0000000081400000,0x0000000081404000,0x0000000086980000)
 Metaspace       used 12263K, capacity 12522K, committed 12672K, reserved 1060864K
  class space    used 1507K, capacity 1579K, committed 1664K, reserved 1048576K
Event: 1.721 GC heap after
Heap after GC invocations=2 (full 0):
 PSYoungGen      total 38400K, used 5106K [0x00000000d5c00000, 0x00000000d8680000, 0x0000000100000000)
  eden space 33280K, 0% used [0x00000000d5c00000,0x00000000d5c00000,0x00000000d7c80000)
  from space 5120K, 99% used [0x00000000d8180000,0x00000000d867c838,0x00000000d8680000)
  to   space 5120K, 0% used [0x00000000d7c80000,0x00000000d7c80000,0x00000000d8180000)
 ParOldGen       total 87552K, used 2988K [0x0000000081400000, 0x0000000086980000, 0x00000000d5c00000)
  object space 87552K, 3% used [0x0000000081400000,0x00000000816eb1d8,0x0000000086980000)
 Metaspace       used 12263K, capacity 12522K, committed 12672K, reserved 1060864K
  class space    used 1507K, capacity 1579K, committed 1664K, reserved 1048576K
}
Event: 2.464 GC heap before
{Heap before GC invocations=3 (full 0):
 PSYoungGen      total 38400K, used 38386K [0x00000000d5c00000, 0x00000000d8680000, 0x0000000100000000)
  eden space 33280K, 100% used [0x00000000d5c00000,0x00000000d7c80000,0x00000000d7c80000)
  from space 5120K, 99% used [0x00000000d8180000,0x00000000d867c838,0x00000000d8680000)
  to   space 5120K, 0% used [0x00000000d7c80000,0x00000000d7c80000,0x00000000d8180000)
 ParOldGen       total 87552K, used 2988K [0x0000000081400000, 0x0000000086980000, 0x00000000d5c00000)
  object space 87552K, 3% used [0x0000000081400000,0x00000000816eb1d8,0x0000000086980000)
 Metaspace       used 12706K, capacity 12986K, committed 13184K, reserved 1060864K
  class space    used 1536K, capacity 1619K, committed 1664K, reserved 1048576K
Event: 2.475 GC heap after
Heap after GC invocations=3 (full 0):
 PSYoungGen      total 38400K, used 5088K [0x00000000d5c00000, 0x00000000da700000, 0x0000000100000000)
  eden space 33280K, 0% used [0x00000000d5c00000,0x00000000d5c00000,0x00000000d7c80000)
  from space 5120K, 99% used [0x00000000d7c80000,0x00000000d8178020,0x00000000d8180000)
  to   space 5120K, 0% used [0x00000000da200000,0x00000000da200000,0x00000000da700000)
 ParOldGen       total 87552K, used 4414K [0x0000000081400000, 0x0000000086980000, 0x00000000d5c00000)
  object space 87552K, 5% used [0x0000000081400000,0x000000008184fac0,0x0000000086980000)
 Metaspace       used 12706K, capacity 12986K, committed 13184K, reserved 1060864K
  class space    used 1536K, capacity 1619K, committed 1664K, reserved 1048576K
}
Event: 2.931 GC heap before
{Heap before GC invocations=4 (full 0):
 PSYoungGen      total 38400K, used 38368K [0x00000000d5c00000, 0x00000000da700000, 0x0000000100000000)
  eden space 33280K, 100% used [0x00000000d5c00000,0x00000000d7c80000,0x00000000d7c80000)
  from space 5120K, 99% used [0x00000000d7c80000,0x00000000d8178020,0x00000000d8180000)
  to   space 5120K, 0% used [0x00000000da200000,0x00000000da200000,0x00000000da700000)
 ParOldGen       total 87552K, used 4414K [0x0000000081400000, 0x0000000086980000, 0x00000000d5c00000)
  object space 87552K, 5% used [0x0000000081400000,0x000000008184fac0,0x0000000086980000)
 Metaspace       used 13021K, capacity 13272K, committed 13440K, reserved 1060864K
  class space    used 1555K, capacity 1624K, committed 1664K, reserved 1048576K
Event: 2.942 GC heap after
Heap after GC invocations=4 (full 0):
 PSYoungGen      total 71680K, used 5088K [0x00000000d5c00000, 0x00000000da700000, 0x0000000100000000)
  eden space 66560K, 0% used [0x00000000d5c00000,0x00000000d5c00000,0x00000000d9d00000)
  from space 5120K, 99% used [0x00000000da200000,0x00000000da6f8020,0x00000000da700000)
  to   space 5120K, 0% used [0x00000000d9d00000,0x00000000d9d00000,0x00000000da200000)
 ParOldGen       total 87552K, used 6048K [0x0000000081400000, 0x0000000086980000, 0x00000000d5c00000)
  object space 87552K, 6% used [0x0000000081400000,0x00000000819e8130,0x0000000086980000)
 Metaspace       used 13021K, capacity 13272K, committed 13440K, reserved 1060864K
  class space    used 1555K, capacity 1624K, committed 1664K, reserved 1048576K
}
Event: 3.853 GC heap before
{Heap before GC invocations=5 (full 0):
 PSYoungGen      total 71680K, used 71648K [0x00000000d5c00000, 0x00000000da700000, 0x0000000100000000)
  eden space 66560K, 100% used [0x00000000d5c00000,0x00000000d9d00000,0x00000000d9d00000)
  from space 5120K, 99% used [0x00000000da200000,0x00000000da6f8020,0x00000000da700000)
  to   space 5120K, 0% used [0x00000000d9d00000,0x00000000d9d00000,0x00000000da200000)
 ParOldGen       total 87552K, used 6048K [0x0000000081400000, 0x0000000086980000, 0x00000000d5c00000)
  object space 87552K, 6% used [0x0000000081400000,0x00000000819e8130,0x0000000086980000)
 Metaspace       used 13698K, capacity 13968K, committed 14208K, reserved 1062912K
  class space    used 1608K, capacity 1664K, committed 1664K, reserved 1048576K
Event: 3.864 GC heap after
Heap after GC invocations=5 (full 0):
 PSYoungGen      total 71680K, used 5120K [0x00000000d5c00000, 0x00000000da700000, 0x0000000100000000)
  eden space 66560K, 0% used [0x00000000d5c00000,0x00000000d5c00000,0x00000000d9d00000)
  from space 5120K, 100% used [0x00000000d9d00000,0x00000000da200000,0x00000000da200000)
  to   space 5120K, 0% used [0x00000000da200000,0x00000000da200000,0x00000000da700000)
 ParOldGen       total 87552K, used 9377K [0x0000000081400000, 0x0000000086980000, 0x00000000d5c00000)
  object space 87552K, 10% used [0x0000000081400000,0x0000000081d286b8,0x0000000086980000)
 Metaspace       used 13698K, capacity 13968K, committed 14208K, reserved 1062912K
  class space    used 1608K, capacity 1664K, committed 1664K, reserved 1048576K
}

Deoptimization events (10 events):
Event: 2.831 Thread 0x0000000002922800 Uncommon trap: reason=bimorphic action=maybe_recompile pc=0x00000000030086a4 method=java.util.regex.Pattern$Curly.match0(Ljava/util/regex/Matcher;IILjava/lang/CharSequence;)Z @ 170
Event: 2.832 Thread 0x0000000002922800 Uncommon trap: reason=bimorphic action=maybe_recompile pc=0x00000000030086a4 method=java.util.regex.Pattern$Curly.match0(Ljava/util/regex/Matcher;IILjava/lang/CharSequence;)Z @ 170
Event: 2.832 Thread 0x0000000002922800 Uncommon trap: reason=bimorphic action=maybe_recompile pc=0x00000000030086a4 method=java.util.regex.Pattern$Curly.match0(Ljava/util/regex/Matcher;IILjava/lang/CharSequence;)Z @ 170
Event: 2.921 Thread 0x0000000002922800 Uncommon trap: reason=unstable_if action=reinterpret pc=0x0000000002efe81c method=java.util.LinkedHashMap.afterNodeInsertion(Z)V @ 18
Event: 2.994 Thread 0x0000000002922800 Uncommon trap: reason=bimorphic action=maybe_recompile pc=0x0000000002ea92d8 method=java.util.concurrent.ConcurrentHashMap.get(Ljava/lang/Object;)Ljava/lang/Object; @ 149
Event: 2.994 Thread 0x0000000002922800 Uncommon trap: reason=bimorphic action=maybe_recompile pc=0x0000000002ea92d8 method=java.util.concurrent.ConcurrentHashMap.get(Ljava/lang/Object;)Ljava/lang/Object; @ 149
Event: 3.660 Thread 0x0000000002922800 Uncommon trap: reason=unstable_if action=reinterpret pc=0x000000000311f0c0 method=java.util.IdentityHashMap.nextKeyIndex(II)I @ 4
Event: 3.922 Thread 0x0000000002922800 Uncommon trap: reason=unstable_if action=reinterpret pc=0x00000000030cbc38 method=java.util.ArrayList.remove(Ljava/lang/Object;)Z @ 46
Event: 5.007 Thread 0x0000000002922800 Uncommon trap: reason=unstable_if action=reinterpret pc=0x0000000003169c7c method=java.util.regex.Pattern.compile()V @ 271
Event: 5.254 Thread 0x0000000002922800 Uncommon trap: reason=unstable_if action=reinterpret pc=0x0000000003463e54 method=java.util.jar.Manifest$FastInputStream.readLine([BII)I @ 87

Classes redefined (0 events):
No events

Internal exceptions (10 events):
Event: 0.930 Thread 0x0000000002922800 Exception <a 'java/lang/NoClassDefFoundError': org/slf4j/LoggerFactory> (0x00000000d5f4f2f8) thrown at [C:\re\workspace\8-2-build-windows-amd64-cygwin\jdk8u162\10278\hotspot\src\share\vm\classfile\systemDictionary.cpp, line 199]
Event: 0.930 Thread 0x0000000002922800 Exception <a 'java/lang/NoClassDefFoundError'> (0x00000000d5f4f2f8) thrown at [C:\re\workspace\8-2-build-windows-amd64-cygwin\jdk8u162\10278\hotspot\src\share\vm\oops\instanceKlass.cpp, line 959]
Event: 1.736 Thread 0x0000000002922800 Implicit null exception at 0x0000000002dc0fd5 to 0x0000000002dc11d1
Event: 1.736 Thread 0x0000000002922800 Implicit null exception at 0x0000000002daf26f to 0x0000000002daf2d9
Event: 1.894 Thread 0x0000000002922800 Implicit null exception at 0x0000000002f2fd2e to 0x0000000002f30fc5
Event: 2.748 Thread 0x0000000002922800 Implicit null exception at 0x0000000002da637b to 0x0000000002da692d
Event: 3.873 Thread 0x0000000002922800 Exception <a 'java/lang/NoClassDefFoundError': org/slf4j/Logger> (0x00000000d5c68bc0) thrown at [C:\re\workspace\8-2-build-windows-amd64-cygwin\jdk8u162\10278\hotspot\src\share\vm\oops\constantPool.cpp, line 235]
Event: 4.593 Thread 0x0000000002922800 Exception <a 'java/lang/NoClassDefFoundError': org/slf4j/Logger> (0x00000000d66b58a8) thrown at [C:\re\workspace\8-2-build-windows-amd64-cygwin\jdk8u162\10278\hotspot\src\share\vm\oops\constantPool.cpp, line 235]
Event: 4.846 Thread 0x0000000002922800 Exception <a 'java/lang/NoClassDefFoundError': org/slf4j/Logger> (0x00000000d7a36750) thrown at [C:\re\workspace\8-2-build-windows-amd64-cygwin\jdk8u162\10278\hotspot\src\share\vm\oops\constantPool.cpp, line 235]
Event: 4.960 Thread 0x0000000002922800 Exception <a 'java/lang/ClassNotFoundException': com/sun/tools/javac/api/JavacTool> (0x00000000d7ce46c8) thrown at [C:\re\workspace\8-2-build-windows-amd64-cygwin\jdk8u162\10278\hotspot\src\share\vm\classfile\systemDictionary.cpp, line 210]

Events (10 events):
Event: 5.244 loading class com/sun/tools/javac/file/Locations$Path done
Event: 5.245 Executing VM operation: Deoptimize
Event: 5.245 Executing VM operation: Deoptimize done
Event: 5.246 loading class com/sun/tools/javac/util/ListBuffer$1
Event: 5.246 loading class com/sun/tools/javac/util/ListBuffer$1 done
Event: 5.252 loading class com/sun/tools/javac/util/StringUtils
Event: 5.252 loading class com/sun/tools/javac/util/StringUtils done
Event: 5.254 Thread 0x0000000002922800 Uncommon trap: trap_request=0xffffff65 fr.pc=0x0000000003463e54
Event: 5.254 Thread 0x0000000002922800 DEOPT PACKING pc=0x0000000003463e54 sp=0x000000000284d470
Event: 5.254 Thread 0x0000000002922800 DEOPT UNPACKING pc=0x0000000002a6583b sp=0x000000000284d400 mode 2


Dynamic libraries:
0x00007ff7eb2f0000 - 0x00007ff7eb327000 	C:\Program Files\Java\jdk1.8.0_162\bin\java.exe
0x00007ffd12840000 - 0x00007ffd12a2d000 	C:\WINDOWS\SYSTEM32\ntdll.dll
0x00007ffd111b0000 - 0x00007ffd11263000 	C:\WINDOWS\System32\KERNEL32.DLL
0x00007ffd0ee60000 - 0x00007ffd0f0f3000 	C:\WINDOWS\System32\KERNELBASE.dll
0x00007ffd0fa70000 - 0x00007ffd0fb13000 	C:\WINDOWS\System32\ADVAPI32.dll
0x00007ffd12770000 - 0x00007ffd1280e000 	C:\WINDOWS\System32\msvcrt.dll
0x00007ffd123d0000 - 0x00007ffd1246e000 	C:\WINDOWS\System32\sechost.dll
0x00007ffd11d90000 - 0x00007ffd11eb2000 	C:\WINDOWS\System32\RPCRT4.dll
0x00007ffd0fb20000 - 0x00007ffd0fcb7000 	C:\WINDOWS\System32\USER32.dll
0x00007ffd0ebb0000 - 0x00007ffd0ebd0000 	C:\WINDOWS\System32\win32u.dll
0x00007ffd126e0000 - 0x00007ffd12709000 	C:\WINDOWS\System32\GDI32.dll
0x00007ffd0e910000 - 0x00007ffd0eaaa000 	C:\WINDOWS\System32\gdi32full.dll
0x00007ffd0f850000 - 0x00007ffd0f8f0000 	C:\WINDOWS\System32\msvcp_win.dll
0x00007ffd0f970000 - 0x00007ffd0fa6a000 	C:\WINDOWS\System32\ucrtbase.dll
0x00007ffcfba40000 - 0x00007ffcfbcb9000 	C:\WINDOWS\WinSxS\amd64_microsoft.windows.common-controls_6595b64144ccf1df_6.0.17763.379_none_05b83be8071c94a1\COMCTL32.dll
0x00007ffd11400000 - 0x00007ffd1172d000 	C:\WINDOWS\System32\combase.dll
0x00007ffd0f8f0000 - 0x00007ffd0f96e000 	C:\WINDOWS\System32\bcryptPrimitives.dll
0x00007ffd12640000 - 0x00007ffd1266e000 	C:\WINDOWS\System32\IMM32.DLL
0x00000000711d0000 - 0x00000000712a1000 	C:\Program Files\Java\jdk1.8.0_162\jre\bin\msvcr100.dll
0x0000000070670000 - 0x0000000070f10000 	C:\Program Files\Java\jdk1.8.0_162\jre\bin\server\jvm.dll
0x00007ffd113f0000 - 0x00007ffd113f8000 	C:\WINDOWS\System32\PSAPI.DLL
0x00007ffd09210000 - 0x00007ffd09234000 	C:\WINDOWS\SYSTEM32\WINMM.dll
0x00007ffd0b5e0000 - 0x00007ffd0b5e9000 	C:\WINDOWS\SYSTEM32\WSOCK32.dll
0x00007ffd093d0000 - 0x00007ffd093da000 	C:\WINDOWS\SYSTEM32\VERSION.dll
0x00007ffd12530000 - 0x00007ffd1259d000 	C:\WINDOWS\System32\WS2_32.dll
0x00007ffd09180000 - 0x00007ffd091ad000 	C:\WINDOWS\SYSTEM32\winmmbase.dll
0x00007ffd0eab0000 - 0x00007ffd0eafa000 	C:\WINDOWS\System32\cfgmgr32.dll
0x0000000071180000 - 0x000000007118f000 	C:\Program Files\Java\jdk1.8.0_162\jre\bin\verify.dll
0x0000000071150000 - 0x0000000071179000 	C:\Program Files\Java\jdk1.8.0_162\jre\bin\java.dll
0x0000000071130000 - 0x0000000071146000 	C:\Program Files\Java\jdk1.8.0_162\jre\bin\zip.dll
0x00007ffd0fcc0000 - 0x00007ffd111b0000 	C:\WINDOWS\System32\SHELL32.dll
0x00007ffd11270000 - 0x00007ffd11318000 	C:\WINDOWS\System32\shcore.dll
0x00007ffd0f100000 - 0x00007ffd0f84a000 	C:\WINDOWS\System32\windows.storage.dll
0x00007ffd0e840000 - 0x00007ffd0e864000 	C:\WINDOWS\System32\profapi.dll
0x00007ffd0e890000 - 0x00007ffd0e8ed000 	C:\WINDOWS\System32\powrprof.dll
0x00007ffd12310000 - 0x00007ffd12362000 	C:\WINDOWS\System32\shlwapi.dll
0x00007ffd0e8f0000 - 0x00007ffd0e901000 	C:\WINDOWS\System32\kernel.appcore.dll
0x00007ffd0ee40000 - 0x00007ffd0ee57000 	C:\WINDOWS\System32\cryptsp.dll
0x0000000071110000 - 0x000000007112a000 	C:\Program Files\Java\jdk1.8.0_162\jre\bin\net.dll
0x00007ffd0e0c0000 - 0x00007ffd0e127000 	C:\WINDOWS\system32\mswsock.dll
0x00000000710f0000 - 0x0000000071101000 	C:\Program Files\Java\jdk1.8.0_162\jre\bin\nio.dll

VM Arguments:
jvm_args: -Dclassworlds.conf=C:\Program Files\NetBeans 8.2\java\maven\bin\m2.conf -Dmaven.home=C:\Program Files\NetBeans 8.2\java\maven 
java_command: org.codehaus.plexus.classworlds.launcher.Launcher -Dnetbeans.deploy=true -Dmaven.ext.class.path=C:\Program Files\NetBeans 8.2\java\maven-nblib\netbeans-eventspy.jar -Dfile.encoding=UTF-8 package
java_class_path (initial): C:\Program Files\NetBeans 8.2\java\maven\boot\plexus-classworlds-2.4.jar
Launcher Type: SUN_STANDARD

Environment Variables:
JAVA_HOME=C:\Program Files\Java\jdk1.8.0_162
PATH=;C:\ProgramData\Oracle\Java\javapath;C:\Windows\system32;C:\Windows;C:\Windows\System32\Wbem;C:\Windows\System32\WindowsPowerShell\v1.0\;C:\Program Files\Crucial\Crucial Storage Executive;C:\Program Files\Git\cmd;C:\Program Files (x86)\CodeBlocks\MinGW\bin;C:\Program Files (x86)\NVIDIA Corporation\PhysX\Common;C:\WINDOWS\system32;C:\WINDOWS;C:\WINDOWS\System32\Wbem;C:\WINDOWS\System32\WindowsPowerShell\v1.0\;C:\WINDOWS\System32\OpenSSH\;C:\Program Files (x86)\Microsoft Visual Studio\2017\Community\VC\Tools\MSVC\14.13.26128\bin\Hostx64\x64;C:\Program Files (x86)\Visual Leak Detector\bin\Win32;C:\Program Files (x86)\Visual Leak Detector\bin\Win64;C:\WINDOWS\system32;C:\WINDOWS;C:\WINDOWS\System32\Wbem;C:\WINDOWS\System32\WindowsPowerShell\v1.0\;C:\WINDOWS\System32\OpenSSH\;C:\Users\gcdu9\AppData\Local\Microsoft\WindowsApps;
USERNAME=gcdu9
OS=Windows_NT
PROCESSOR_IDENTIFIER=Intel64 Family 6 Model 78 Stepping 3, GenuineIntel



---------------  S Y S T E M  ---------------

OS: Windows 10.0 , 64 bit Build 17763 (10.0.17763.379)

CPU:total 4 (initial active 4) (2 cores per cpu, 2 threads per core) family 6 model 78 stepping 3, cmov, cx8, fxsr, mmx, sse, sse2, sse3, ssse3, sse4.1, sse4.2, popcnt, avx, avx2, aes, clmul, erms, 3dnowpref, lzcnt, ht, tsc, tscinvbit, bmi1, bmi2, adx

Memory: 4k page, physical 8300448k(2179000k free), swap 10397600k(6136k free)

vm_info: Java HotSpot(TM) 64-Bit Server VM (25.162-b12) for windows-amd64 JRE (1.8.0_162-b12), built on Dec 19 2017 20:00:03 by "java_re" with MS VC++ 10.0 (VS2010)

time: Thu Mar 28 19:45:32 2019
elapsed time: 5 seconds (0d 0h 0m 5s)

