#
# There is insufficient memory for the Java Runtime Environment to continue.
# Native memory allocation (malloc) failed to allocate 1048576 bytes for AllocateHeap
# Possible reasons:
#   The system is out of physical RAM or swap space
#   In 32 bit mode, the process size limit was hit
# Possible solutions:
#   Reduce memory load on the system
#   Increase physical memory or swap space
#   Check if swap backing store is full
#   Use 64 bit Java on a 64 bit OS
#   Decrease Java heap size (-Xmx/-Xms)
#   Decrease number of Java threads
#   Decrease Java thread stack sizes (-Xss)
#   Set larger code cache with -XX:ReservedCodeCacheSize=
# This output file may be truncated or incomplete.
#
#  Out of Memory Error (memory/allocation.inline.hpp:61), pid=13348, tid=0x00000000000032c8
#
# JRE version:  (8.0_162-b12) (build )
# Java VM: Java HotSpot(TM) 64-Bit Server VM (25.162-b12 mixed mode windows-amd64 compressed oops)
# Failed to write core dump. Minidumps are not enabled by default on client versions of Windows
#

---------------  T H R E A D  ---------------

Current thread (0x0000000003202800):  JavaThread "Unknown thread" [_thread_in_vm, id=13000, stack(0x0000000003100000,0x0000000003200000)]

Stack: [0x0000000003100000,0x0000000003200000]
[error occurred during error reporting (printing stack bounds), id 0xc0000005]

Native frames: (J=compiled Java code, j=interpreted, Vv=VM code, C=native code)


---------------  P R O C E S S  ---------------

Java Threads: ( => current thread )

Other Threads:

=>0x0000000003202800 (exited) JavaThread "Unknown thread" [_thread_in_vm, id=13000, stack(0x0000000003100000,0x0000000003200000)]

VM state:not at safepoint (normal execution)

VM Mutex/Monitor currently owned by a thread: None

Heap:
 PSYoungGen      total 38400K, used 665K [0x00000000d5c00000, 0x00000000d8680000, 0x0000000100000000)
  eden space 33280K, 2% used [0x00000000d5c00000,0x00000000d5ca6670,0x00000000d7c80000)
  from space 5120K, 0% used [0x00000000d8180000,0x00000000d8180000,0x00000000d8680000)
  to   space 5120K, 0% used [0x00000000d7c80000,0x00000000d7c80000,0x00000000d8180000)
 ParOldGen       total 87552K, used 0K [0x0000000081400000, 0x0000000086980000, 0x00000000d5c00000)
  object space 87552K, 0% used [0x0000000081400000,0x0000000081400000,0x0000000086980000)
 Metaspace       used 770K, capacity 4480K, committed 4480K, reserved 1056768K
  class space    used 75K, capacity 384K, committed 384K, reserved 1048576K

Card table byte_map: [0x00000000126c0000,0x0000000012ac0000] byte_map_base: 0x00000000122b6000

Marking Bits: (ParMarkBitMap*) 0x0000000070ae0860
 Begin Bits: [0x0000000013170000, 0x0000000015120000)
 End Bits:   [0x0000000015120000, 0x00000000170d0000)

Polling page: 0x0000000001180000

CodeCache: size=245760Kb used=328Kb max_used=328Kb free=245431Kb
 bounds [0x0000000003300000, 0x0000000003570000, 0x0000000012300000]
 total_blobs=58 nmethods=0 adapters=38
 compilation: enabled

Compilation events (0 events):
No events

GC Heap History (0 events):
No events

Deoptimization events (0 events):
No events

Classes redefined (0 events):
No events

Internal exceptions (0 events):
No events

Events (10 events):
Event: 0.022 loading class java/lang/Short
Event: 0.022 loading class java/lang/Short done
Event: 0.022 loading class java/lang/Integer
Event: 0.022 loading class java/lang/Integer done
Event: 0.022 loading class java/lang/Long
Event: 0.023 loading class java/lang/Long done
Event: 0.023 loading class java/lang/NullPointerException
Event: 0.023 loading class java/lang/NullPointerException done
Event: 0.023 loading class java/lang/ArithmeticException
Event: 0.023 loading class java/lang/ArithmeticException done


Dynamic libraries:
0x00007ff6eaae0000 - 0x00007ff6eab17000 	C:\Program Files\Java\jdk1.8.0_162\jre\bin\java.exe
0x00007ffd12840000 - 0x00007ffd12a2d000 	C:\WINDOWS\SYSTEM32\ntdll.dll
0x00007ffd111b0000 - 0x00007ffd11263000 	C:\WINDOWS\System32\KERNEL32.DLL
0x00007ffd0ee60000 - 0x00007ffd0f0f3000 	C:\WINDOWS\System32\KERNELBASE.dll
0x00007ffd0fa70000 - 0x00007ffd0fb13000 	C:\WINDOWS\System32\ADVAPI32.dll
0x00007ffd12770000 - 0x00007ffd1280e000 	C:\WINDOWS\System32\msvcrt.dll
0x00007ffd123d0000 - 0x00007ffd1246e000 	C:\WINDOWS\System32\sechost.dll
0x00007ffd11d90000 - 0x00007ffd11eb2000 	C:\WINDOWS\System32\RPCRT4.dll
0x00007ffd0fb20000 - 0x00007ffd0fcb7000 	C:\WINDOWS\System32\USER32.dll
0x00007ffd0ebb0000 - 0x00007ffd0ebd0000 	C:\WINDOWS\System32\win32u.dll
0x00007ffd126e0000 - 0x00007ffd12709000 	C:\WINDOWS\System32\GDI32.dll
0x00007ffd0e910000 - 0x00007ffd0eaaa000 	C:\WINDOWS\System32\gdi32full.dll
0x00007ffd0f850000 - 0x00007ffd0f8f0000 	C:\WINDOWS\System32\msvcp_win.dll
0x00007ffd0f970000 - 0x00007ffd0fa6a000 	C:\WINDOWS\System32\ucrtbase.dll
0x00007ffcfba40000 - 0x00007ffcfbcb9000 	C:\WINDOWS\WinSxS\amd64_microsoft.windows.common-controls_6595b64144ccf1df_6.0.17763.379_none_05b83be8071c94a1\COMCTL32.dll
0x00007ffd11400000 - 0x00007ffd1172d000 	C:\WINDOWS\System32\combase.dll
0x00007ffd0f8f0000 - 0x00007ffd0f96e000 	C:\WINDOWS\System32\bcryptPrimitives.dll
0x00007ffd12640000 - 0x00007ffd1266e000 	C:\WINDOWS\System32\IMM32.DLL
0x00000000710e0000 - 0x00000000711b1000 	C:\Program Files\Java\jdk1.8.0_162\jre\bin\msvcr100.dll
0x00000000702c0000 - 0x0000000070b60000 	C:\Program Files\Java\jdk1.8.0_162\jre\bin\server\jvm.dll
0x00007ffd113f0000 - 0x00007ffd113f8000 	C:\WINDOWS\System32\PSAPI.DLL
0x00007ffd09210000 - 0x00007ffd09234000 	C:\WINDOWS\SYSTEM32\WINMM.dll
0x00007ffd093d0000 - 0x00007ffd093da000 	C:\WINDOWS\SYSTEM32\VERSION.dll
0x00007ffcfff30000 - 0x00007ffcfff39000 	C:\WINDOWS\SYSTEM32\WSOCK32.dll
0x00007ffd12530000 - 0x00007ffd1259d000 	C:\WINDOWS\System32\WS2_32.dll
0x00007ffd09180000 - 0x00007ffd091ad000 	C:\WINDOWS\SYSTEM32\WINMMBASE.dll
0x00007ffd0eab0000 - 0x00007ffd0eafa000 	C:\WINDOWS\System32\cfgmgr32.dll
0x00000000710d0000 - 0x00000000710df000 	C:\Program Files\Java\jdk1.8.0_162\jre\bin\verify.dll
0x0000000070250000 - 0x0000000070279000 	C:\Program Files\Java\jdk1.8.0_162\jre\bin\java.dll
0x00000000710b0000 - 0x00000000710c6000 	C:\Program Files\Java\jdk1.8.0_162\jre\bin\zip.dll

VM Arguments:
java_command: C:\projects\projetJEE\projetJEE\projetJEE\target\surefire\surefirebooter9016120634575973032.jar C:\projects\projetJEE\projetJEE\projetJEE\target\surefire\surefire7642715969111498025tmp C:\projects\projetJEE\projetJEE\projetJEE\target\surefire\surefire3325866730860100280tmp
java_class_path (initial): C:\projects\projetJEE\projetJEE\projetJEE\target\surefire\surefirebooter9016120634575973032.jar
Launcher Type: SUN_STANDARD

Environment Variables:
JAVA_HOME=C:\Program Files\Java\jdk1.8.0_162
PATH=;C:\ProgramData\Oracle\Java\javapath;C:\Windows\system32;C:\Windows;C:\Windows\System32\Wbem;C:\Windows\System32\WindowsPowerShell\v1.0\;C:\Program Files\Crucial\Crucial Storage Executive;C:\Program Files\Git\cmd;C:\Program Files (x86)\CodeBlocks\MinGW\bin;C:\Program Files (x86)\NVIDIA Corporation\PhysX\Common;C:\WINDOWS\system32;C:\WINDOWS;C:\WINDOWS\System32\Wbem;C:\WINDOWS\System32\WindowsPowerShell\v1.0\;C:\WINDOWS\System32\OpenSSH\;C:\Program Files (x86)\Microsoft Visual Studio\2017\Community\VC\Tools\MSVC\14.13.26128\bin\Hostx64\x64;C:\Program Files (x86)\Visual Leak Detector\bin\Win32;C:\Program Files (x86)\Visual Leak Detector\bin\Win64;C:\WINDOWS\system32;C:\WINDOWS;C:\WINDOWS\System32\Wbem;C:\WINDOWS\System32\WindowsPowerShell\v1.0\;C:\WINDOWS\System32\OpenSSH\;C:\Users\gcdu9\AppData\Local\Microsoft\WindowsApps;
USERNAME=gcdu9
OS=Windows_NT
PROCESSOR_IDENTIFIER=Intel64 Family 6 Model 78 Stepping 3, GenuineIntel



---------------  S Y S T E M  ---------------

OS: Windows 10.0 , 64 bit Build 17763 (10.0.17763.379)

CPU:total 4 (initial active 4) (2 cores per cpu, 2 threads per core) family 6 model 78 stepping 3, cmov, cx8, fxsr, mmx, sse, sse2, sse3, ssse3, sse4.1, sse4.2, popcnt, avx, avx2, aes, clmul, erms, 3dnowpref, lzcnt, ht, tsc, tscinvbit, bmi1, bmi2, adx

Memory: 4k page, physical 8300448k(2336908k free), swap 10397600k(5836k free)

vm_info: Java HotSpot(TM) 64-Bit Server VM (25.162-b12) for windows-amd64 JRE (1.8.0_162-b12), built on Dec 19 2017 20:00:03 by "java_re" with MS VC++ 10.0 (VS2010)

time: Tue Mar 26 20:28:49 2019
elapsed time: 0 seconds (0d 0h 0m 0s)

